# JRE version: Java(TM) SE Runtime Environment 18.9 (11.0.17+10) (build 11.0.17+10-LTS-269)
# Java VM: Java HotSpot(TM) 64-Bit Server VM 18.9 (11.0.17+10-LTS-269, mixed mode, tiered, compressed oops, g1 gc, windows-amd64)
Heap:
 garbage-first heap   total 194560K, used 20457K [0x0000000742000000, 0x0000000800000000)
  region size 1024K, 15 young (15360K), 5 survivors (5120K)
 Metaspace       used 23389K, capacity 24198K, committed 24320K, reserved 1071104K
  class space    used 3106K, capacity 3467K, committed 3584K, reserved 1048576K
GC Heap History (6 events):
Event: 1.026 GC heap before
{Heap before GC invocations=0 (full 0):
 garbage-first heap   total 194560K, used 13312K [0x0000000742000000, 0x0000000800000000)
  region size 1024K, 14 young (14336K), 0 survivors (0K)
 Metaspace       used 10547K, capacity 10780K, committed 10880K, reserved 1058816K
  class space    used 1005K, capacity 1117K, committed 1152K, reserved 1048576K
}
Event: 1.034 GC heap after
{Heap after GC invocations=1 (full 0):
 garbage-first heap   total 194560K, used 4616K [0x0000000742000000, 0x0000000800000000)
  region size 1024K, 2 young (2048K), 2 survivors (2048K)
 Metaspace       used 10547K, capacity 10780K, committed 10880K, reserved 1058816K
  class space    used 1005K, capacity 1117K, committed 1152K, reserved 1048576K
}
Event: 1.358 GC heap before
{Heap before GC invocations=1 (full 0):
 garbage-first heap   total 194560K, used 10760K [0x0000000742000000, 0x0000000800000000)
  region size 1024K, 9 young (9216K), 2 survivors (2048K)
 Metaspace       used 12695K, capacity 13077K, committed 13312K, reserved 1060864K
  class space    used 1253K, capacity 1423K, committed 1536K, reserved 1048576K
}
Event: 1.362 GC heap after
{Heap after GC invocations=2 (full 0):
 garbage-first heap   total 194560K, used 5502K [0x0000000742000000, 0x0000000800000000)
  region size 1024K, 1 young (1024K), 1 survivors (1024K)
 Metaspace       used 12695K, capacity 13077K, committed 13312K, reserved 1060864K
  class space    used 1253K, capacity 1423K, committed 1536K, reserved 1048576K
}
Event: 2.541 GC heap before
{Heap before GC invocations=2 (full 0):
 garbage-first heap   total 194560K, used 32126K [0x0000000742000000, 0x0000000800000000)
  region size 1024K, 29 young (29696K), 1 survivors (1024K)
 Metaspace       used 20652K, capacity 21229K, committed 21248K, reserved 1067008K
  class space    used 2544K, capacity 2802K, committed 2816K, reserved 1048576K
}
Event: 2.551 GC heap after
{Heap after GC invocations=3 (full 0):
 garbage-first heap   total 194560K, used 9193K [0x0000000742000000, 0x0000000800000000)
  region size 1024K, 5 young (5120K), 5 survivors (5120K)
 Metaspace       used 20652K, capacity 21229K, committed 21248K, reserved 1067008K
  class space    used 2544K, capacity 2802K, committed 2816K, reserved 1048576K
}

