# JRE version: Java(TM) SE Runtime Environment 18.9 (11.0.17+10) (build 11.0.17+10-LTS-269)
# Java VM: Java HotSpot(TM) 64-Bit Server VM 18.9 (11.0.17+10-LTS-269, mixed mode, tiered, compressed oops, g1 gc, windows-amd64)
Heap:
 garbage-first heap   total 194560K, used 21228K [0x0000000742000000, 0x0000000800000000)
  region size 1024K, 12 young (12288K), 1 survivors (1024K)
 Metaspace       used 23443K, capacity 24274K, committed 24572K, reserved 1071104K
  class space    used 3109K, capacity 3469K, committed 3580K, reserved 1048576K
GC Heap History (8 events):
Event: 1.173 GC heap before
{Heap before GC invocations=0 (full 0):
 garbage-first heap   total 194560K, used 13312K [0x0000000742000000, 0x0000000800000000)
  region size 1024K, 14 young (14336K), 0 survivors (0K)
 Metaspace       used 10773K, capacity 11085K, committed 11136K, reserved 1058816K
  class space    used 1028K, capacity 1152K, committed 1152K, reserved 1048576K
}
Event: 1.185 GC heap after
{Heap after GC invocations=1 (full 0):
 garbage-first heap   total 194560K, used 5314K [0x0000000742000000, 0x0000000800000000)
  region size 1024K, 2 young (2048K), 2 survivors (2048K)
 Metaspace       used 10773K, capacity 11085K, committed 11136K, reserved 1058816K
  class space    used 1028K, capacity 1152K, committed 1152K, reserved 1048576K
}
Event: 1.640 GC heap before
{Heap before GC invocations=1 (full 0):
 garbage-first heap   total 194560K, used 12482K [0x0000000742000000, 0x0000000800000000)
  region size 1024K, 10 young (10240K), 2 survivors (2048K)
 Metaspace       used 13161K, capacity 13503K, committed 13568K, reserved 1060864K
  class space    used 1341K, capacity 1521K, committed 1536K, reserved 1048576K
}
Event: 1.644 GC heap after
{Heap after GC invocations=2 (full 0):
 garbage-first heap   total 194560K, used 6228K [0x0000000742000000, 0x0000000800000000)
  region size 1024K, 1 young (1024K), 1 survivors (1024K)
 Metaspace       used 13161K, capacity 13503K, committed 13568K, reserved 1060864K
  class space    used 1341K, capacity 1521K, committed 1536K, reserved 1048576K
}
Event: 2.791 GC heap before
{Heap before GC invocations=2 (full 0):
 garbage-first heap   total 194560K, used 31828K [0x0000000742000000, 0x0000000800000000)
  region size 1024K, 26 young (26624K), 1 survivors (1024K)
 Metaspace       used 20362K, capacity 20975K, committed 21248K, reserved 1067008K
  class space    used 2484K, capacity 2737K, committed 2816K, reserved 1048576K
}
Event: 2.798 GC heap after
{Heap after GC invocations=3 (full 0):
 garbage-first heap   total 194560K, used 9840K [0x0000000742000000, 0x0000000800000000)
  region size 1024K, 4 young (4096K), 4 survivors (4096K)
 Metaspace       used 20362K, capacity 20975K, committed 21248K, reserved 1067008K
  class space    used 2484K, capacity 2737K, committed 2816K, reserved 1048576K
}
Event: 2.823 GC heap before
{Heap before GC invocations=3 (full 0):
 garbage-first heap   total 194560K, used 9840K [0x0000000742000000, 0x0000000800000000)
  region size 1024K, 5 young (5120K), 4 survivors (4096K)
 Metaspace       used 20625K, capacity 21233K, committed 21248K, reserved 1067008K
  class space    used 2530K, capacity 2802K, committed 2816K, reserved 1048576K
}
Event: 2.830 GC heap after
{Heap after GC invocations=4 (full 0):
 garbage-first heap   total 194560K, used 9964K [0x0000000742000000, 0x0000000800000000)
  region size 1024K, 1 young (1024K), 1 survivors (1024K)
 Metaspace       used 20625K, capacity 21233K, committed 21248K, reserved 1067008K
  class space    used 2530K, capacity 2802K, committed 2816K, reserved 1048576K
}

