# JRE version: Java(TM) SE Runtime Environment 18.9 (11.0.17+10) (build 11.0.17+10-LTS-269)
# Java VM: Java HotSpot(TM) 64-Bit Server VM 18.9 (11.0.17+10-LTS-269, mixed mode, tiered, compressed oops, g1 gc, windows-amd64)
Heap:
 garbage-first heap   total 194560K, used 22038K [0x0000000742000000, 0x0000000800000000)
  region size 1024K, 15 young (15360K), 4 survivors (4096K)
 Metaspace       used 23400K, capacity 24203K, committed 24320K, reserved 1071104K
  class space    used 3104K, capacity 3467K, committed 3584K, reserved 1048576K
GC Heap History (8 events):
Event: 0.985 GC heap before
{Heap before GC invocations=0 (full 0):
 garbage-first heap   total 194560K, used 13312K [0x0000000742000000, 0x0000000800000000)
  region size 1024K, 14 young (14336K), 0 survivors (0K)
 Metaspace       used 10669K, capacity 10915K, committed 11136K, reserved 1058816K
  class space    used 1021K, capacity 1118K, committed 1152K, reserved 1048576K
}
Event: 1.000 GC heap after
{Heap after GC invocations=1 (full 0):
 garbage-first heap   total 194560K, used 5070K [0x0000000742000000, 0x0000000800000000)
  region size 1024K, 2 young (2048K), 2 survivors (2048K)
 Metaspace       used 10669K, capacity 10915K, committed 11136K, reserved 1058816K
  class space    used 1021K, capacity 1118K, committed 1152K, reserved 1048576K
}
Event: 1.321 GC heap before
{Heap before GC invocations=1 (full 0):
 garbage-first heap   total 194560K, used 11214K [0x0000000742000000, 0x0000000800000000)
  region size 1024K, 9 young (9216K), 2 survivors (2048K)
 Metaspace       used 12516K, capacity 12863K, committed 12928K, reserved 1060864K
  class space    used 1217K, capacity 1349K, committed 1408K, reserved 1048576K
}
Event: 1.325 GC heap after
{Heap after GC invocations=2 (full 0):
 garbage-first heap   total 194560K, used 6323K [0x0000000742000000, 0x0000000800000000)
  region size 1024K, 1 young (1024K), 1 survivors (1024K)
 Metaspace       used 12516K, capacity 12863K, committed 12928K, reserved 1060864K
  class space    used 1217K, capacity 1349K, committed 1408K, reserved 1048576K
}
Event: 2.457 GC heap before
{Heap before GC invocations=2 (full 0):
 garbage-first heap   total 194560K, used 28851K [0x0000000742000000, 0x0000000800000000)
  region size 1024K, 24 young (24576K), 1 survivors (1024K)
 Metaspace       used 19115K, capacity 19691K, committed 19968K, reserved 1067008K
  class space    used 2273K, capacity 2516K, committed 2560K, reserved 1048576K
}
Event: 2.463 GC heap after
{Heap after GC invocations=3 (full 0):
 garbage-first heap   total 194560K, used 9579K [0x0000000742000000, 0x0000000800000000)
  region size 1024K, 3 young (3072K), 3 survivors (3072K)
 Metaspace       used 19115K, capacity 19691K, committed 19968K, reserved 1067008K
  class space    used 2273K, capacity 2516K, committed 2560K, reserved 1048576K
}
Event: 2.748 GC heap before
{Heap before GC invocations=3 (full 0):
 garbage-first heap   total 194560K, used 14699K [0x0000000742000000, 0x0000000800000000)
  region size 1024K, 9 young (9216K), 3 survivors (3072K)
 Metaspace       used 20651K, capacity 21233K, committed 21248K, reserved 1067008K
  class space    used 2530K, capacity 2802K, committed 2816K, reserved 1048576K
}
Event: 2.754 GC heap after
{Heap after GC invocations=4 (full 0):
 garbage-first heap   total 194560K, used 9750K [0x0000000742000000, 0x0000000800000000)
  region size 1024K, 4 young (4096K), 4 survivors (4096K)
 Metaspace       used 20651K, capacity 21233K, committed 21248K, reserved 1067008K
  class space    used 2530K, capacity 2802K, committed 2816K, reserved 1048576K
}

